<?xml version="1.0" encoding="UTF-8"?>
<!-- Generated by org.testng.reporters.JUnitXMLReporter -->
<testsuite hostname="Bobs-MBP.fios-router.home" ignored="0" name="hub spot Sanity Test" tests="3" failures="0" timestamp="03 Dec 2019 01:43:05 GMT" time="29.238" errors="0">
  <testcase name="loginPageTitleTest" time="1.477" classname="com.hubspot.tests.LoginPageTest"/>
  <testcase name="loginTest1" time="3.607" classname="com.hubspot.tests.LoginPageTest"/>
  <testcase name="loginTest2" time="3.613" classname="com.hubspot.tests.LoginPageTest"/>
</testsuite> <!-- hub spot Sanity Test -->
