<?xml version="1.0" encoding="UTF-8"?>
<!-- Generated by org.testng.reporters.JUnitXMLReporter -->
<testsuite hostname="Bobs-MBP.fios-router.home" ignored="2" name="Default test" tests="1" failures="0" timestamp="03 Dec 2019 02:17:29 GMT" time="11.347" errors="0">
  <testcase name="loginTest2" time="3.688" classname="com.hubspot.tests.LoginPageTest"/>
  <testcase name="loginPageTitleTest" time="0.0" classname="com.hubspot.tests.LoginPageTest">
    <ignored/>
  </testcase> <!-- loginPageTitleTest -->
  <testcase name="loginTest1" time="0.0" classname="com.hubspot.tests.LoginPageTest">
    <ignored/>
  </testcase> <!-- loginTest1 -->
</testsuite> <!-- Default test -->
